<?xml version="1.0" encoding="UTF-8"?>
<!-- Generated by org.testng.reporters.JUnitReportReporter -->
<testsuite skipped="0" hostname="Raju" name="initialtest.browser" tests="1" failures="0" timestamp="08 Jun 2017 21:48:18 GMT" time="33.737" errors="0">
  <testcase name="browserinvocating" time="33.737" classname="initialtest.browser"/>
</testsuite> <!-- initialtest.browser -->
